# Telescope positions in Paranal Prod-3b simulations (layout 3HB9).
# The array center is assumed to be at longitude 70.316345 deg. West,
# latitude 24.683429 deg. South, elevation 2163 m (in WGS84 ellipsoid).
# Corresponding UTM coordinates: "Northing" 7269466, "Easting" 366822, zone 19J.
#
# Column 1: Longitude (WGS84) in degrees (negative = West).
# Column 2: Latitude (WGS84) in degrees (negative = South).
# Column 3: UTM (Zone 19J, WGS84) "Easting" value in meters ("500000" = 69 deg. West).
# Column 4: UTM (Zone 19J, WGS84) "Northing" value in meters ("0" = South Pole for Southern Hemisphere).
# Column 5: Elevation of telescope mount in meters. So far only nominal value of array center (expect ~2150 to 2180 m).
# Column 6: MC x position [->North] in meters.
# Column 7: MC y position [->West] in meters.
# Column 8: MC z position [above 2163 m a.s.l.] for center of telescope "fiducial sphere", in meters.
# Column 9: MC fiducial sphere radius in meters.
# Column 10: Label shown in plots.
# followed by comments from CORSIKA inputs file, including altitude a.s.l. as read off the map.
#
# Transformation from MC x/y positions (local transverse Mercator projection, k_0=1.0) to long/lat with:
#    cs2cs -f %.7f +proj=tmerc +ellps=WGS84 +datum=WGS84 +lon_0=-70.316345 +lat_0=-24.683429 +axis=nwu +units=m +to +proj=longlat +datum=WGS84
# Transformation in the other direction (long/lat/altitude to x/y/z) with:
#    cs2cs +proj=longlat +datum=WGS84 +to +proj=tmerc +ellps=WGS84 +datum=WGS84 +lon_0=-70.316345 +lat_0=-24.683429 +axis=nwu +units=m
# Note the reference position in this transformation is the array center, equal to the central MST (not the center between LSTs).
# Transformation from long/lat to UTM (Universal Transverse Mercator) with:
#    cs2cs +proj=longlat +datum=WGS84 +to +proj=utm +zone=19 +south
# and reversed with:
#    cs2cs -f %.7f +proj=utm +zone=19 +south +to +proj=longlat +datum=WGS84
# The appropriate UTM zone is 19J (longitude 72W/66W, latitude 32S/24S).
# (Note that UTM, based on a WW II aerial mapping system, is using a cylinder
# cutting a bit through the Earth (k_0=0.9996) in each of its 60 longitude zones
# and results in a somewhat distorted representation. Pythagoras' formula is not
# really appropriate for calculating the distance between two points on a map.)
# For the 'cs2cs' (coordinate-system-to-coordinate-system) application,
# coming with the 'proj' package on most Linux distributions, see http://proj4.org/ .
# (With cs2cs in all cases reading from standard input, taking the first two or three
# values in each line as actual input data, and writing to standard output. You can use
# this file here, lines starting with longitude and latitude, as input for the last two
# commands above.)
#
# Longitude     Latitude      UTM East   UTM North       Alt.            x          y          z        R         "Name"     Comments
#  [deg]          [deg]         [m]        [m]           [m]            [m]        [m]        [m]      [m]
#
# LSTs:
#
-70.3169872  -24.6836096      366757.21  7269445.39     2163.00        -20.000     65.000     16.0     12.0        LST-1
-70.3157028  -24.6836096      366887.17  7269446.64     2163.00        -20.000    -65.000     16.0     12.0        LST-2
-70.3163450  -24.6827068      366821.23  7269546.00     2163.00         80.000      0.000     16.0     12.0        LST-3
-70.3163450  -24.6845123      366823.15  7269346.05     2163.00       -120.000      0.000     16.0     12.0        LST-4
#
# MSTs:
#
-70.3163450  -24.6834290      366822.00  7269466.02     2163.00          0.000      0.000     10.0      7.0        MST-1
-70.3178390  -24.6834290      366670.83  7269464.57     2163.00          0.000    151.200     10.0      7.0        MST-2
-70.3148510  -24.6834290      366973.17  7269467.47     2163.00          0.000   -151.200     10.0      7.0        MST-3
-70.3170920  -24.6821050      366745.01  7269611.92     2163.00        146.656     75.600     10.0      7.0        MST-4
-70.3155980  -24.6821050      366896.18  7269613.37     2163.00        146.656    -75.600     10.0      7.0        MST-5
-70.3171908  -24.6847530      366737.83  7269318.57     2163.00       -146.656     85.600     10.0      7.0        MST-6
-70.3154992  -24.6847530      366908.99  7269320.21     2163.00       -146.656    -85.600     10.0      7.0        MST-7
-70.3187013  -24.6820368      366582.10  7269617.90     2163.00        154.205    238.474     10.0      7.0        MST-8
-70.3139887  -24.6820368      367058.94  7269622.48     2163.00        154.205   -238.474     10.0      7.0        MST-9
-70.3163450  -24.6806447      366819.04  7269774.36     2163.00        308.410      0.000     10.0      7.0        MST-10
-70.3187013  -24.6848211      366585.06  7269309.56     2163.00       -154.205    238.474     10.0      7.0        MST-11
-70.3139887  -24.6848211      367061.90  7269314.14     2163.00       -154.205   -238.474     10.0      7.0        MST-12
-70.3163450  -24.6862133      366824.96  7269157.68     2163.00       -308.410      0.000     10.0      7.0        MST-13
-70.3195586  -24.6834290      366496.83  7269462.89     2163.00          0.000    325.242     10.0      7.0        MST-14
-70.3131314  -24.6834290      367147.16  7269469.13     2163.00          0.000   -325.242     10.0      7.0        MST-15
-70.3179518  -24.6805810      366656.39  7269779.85     2163.00        315.468    162.621     10.0      7.0        MST-16
-70.3147382  -24.6805810      366981.56  7269782.97     2163.00        315.468   -162.621     10.0      7.0        MST-17
-70.3179518  -24.6862770      366662.45  7269149.06     2163.00       -315.468    162.621     10.0      7.0        MST-18
-70.3147382  -24.6862770      366987.60  7269152.18     2163.00       -315.468   -162.621     10.0      7.0        MST-19
-70.3207928  -24.6808011      366369.15  7269752.71     2163.00        291.085    450.155     10.0      7.0        MST-20
-70.3118972  -24.6808011      367269.26  7269761.35     2163.00        291.085   -450.155     10.0      7.0        MST-21
-70.3163450  -24.6781732      366816.41  7270048.06     2163.00        582.170      0.000     10.0      7.0        MST-22
-70.3207929  -24.6860568      366374.74  7269170.68     2163.00       -291.085    450.155     10.0      7.0        MST-23
-70.3118971  -24.6860568      367274.84  7269179.32     2163.00       -291.085   -450.155     10.0      7.0        MST-24
-70.3163450  -24.6886847      366827.58  7268883.98     2163.00       -582.170      0.000     10.0      7.0        MST-25
#
# SSTs:
#
-70.3179150  -24.6815738      366661.17  7269669.94     2163.00        205.500    158.900      5.0      2.8        SST-1
-70.3147750  -24.6815738      366978.89  7269672.99     2163.00        205.500   -158.900      5.0      2.8        SST-2
-70.3179151  -24.6852842      366665.10  7269259.04     2163.00       -205.500    158.900      5.0      2.8        SST-3
-70.3147749  -24.6852842      366982.84  7269262.09     2163.00       -205.500   -158.900      5.0      2.8        SST-4
-70.3205425  -24.6819409      366395.69  7269626.73     2163.00        164.823    424.824      5.0      2.8        SST-5
-70.3121475  -24.6819409      367245.14  7269634.88     2163.00        164.823   -424.824      5.0      2.8        SST-6
-70.3205426  -24.6849169      366398.85  7269297.16     2163.00       -164.823    424.824      5.0      2.8        SST-7
-70.3121474  -24.6849169      367248.31  7269305.31     2163.00       -164.823   -424.824      5.0      2.8        SST-8
-70.3174318  -24.6789650      366707.28  7269959.32     2163.00        494.469    110.000      5.0      2.8        SST-9
-70.3152582  -24.6789650      366927.23  7269961.43     2163.00        494.469   -110.000      5.0      2.8        SST-10
-70.3174319  -24.6878930      366716.77  7268970.60     2163.00       -494.469    110.000      5.0      2.8        SST-11
-70.3152581  -24.6878930      366936.72  7268972.71     2163.00       -494.469   -110.000      5.0      2.8        SST-12
-70.3214809  -24.6834289      366302.33  7269461.03     2163.00          0.000    519.795      5.0      2.8        SST-13
-70.3112091  -24.6834289      367341.67  7269471.01     2163.00          0.000   -519.795      5.0      2.8        SST-14
-70.3203341  -24.6798936      366414.60  7269853.66     2163.00        391.606    403.739      5.0      2.8        SST-15
-70.3123559  -24.6798936      367221.89  7269861.40     2163.00        391.606   -403.739      5.0      2.8        SST-16
-70.3203343  -24.6869643      366422.11  7269070.63     2163.00       -391.606    403.739      5.0      2.8        SST-17
-70.3123557  -24.6869643      367229.40  7269078.37     2163.00       -391.606   -403.739      5.0      2.8        SST-18
-70.3194930  -24.6778491      366497.53  7270080.89     2163.00        618.073    318.611      5.0      2.8        SST-19
-70.3131970  -24.6778491      367134.61  7270087.00     2163.00        618.073   -318.611      5.0      2.8        SST-20
-70.3194932  -24.6890088      366509.40  7268845.03     2163.00       -618.073    318.611      5.0      2.8        SST-21
-70.3131968  -24.6890088      367146.46  7268851.15     2163.00       -618.073   -318.611      5.0      2.8        SST-22
-70.3234940  -24.6834288      366098.63  7269459.08     2163.00          0.000    723.527      5.0      2.8        SST-23
-70.3091960  -24.6834288      367545.36  7269472.96     2163.00          0.000   -723.527      5.0      2.8        SST-24
-70.3163450  -24.6760261      366814.13  7270285.84     2163.00        820.000      0.000      5.0      2.8        SST-25
-70.3163450  -24.6908318      366829.87  7268646.21     2163.00       -820.000      0.000      5.0      2.8        SST-26
-70.3229964  -24.6794990      366144.78  7269894.76     2163.00        435.304    673.186      5.0      2.8        SST-27
-70.3096936  -24.6794990      367490.86  7269907.68     2163.00        435.304   -673.186      5.0      2.8        SST-28
-70.3229968  -24.6873587      366153.14  7269024.35     2163.00       -435.304    673.186      5.0      2.8        SST-29
-70.3096932  -24.6873587      367499.21  7269037.27     2163.00       -435.304   -673.186      5.0      2.8        SST-30
-70.3242188  -24.6814350      366023.16  7269679.17     2163.00        220.844    796.903      5.0      2.8        SST-31
-70.3084712  -24.6814350      367616.60  7269694.46     2163.00        220.844   -796.903      5.0      2.8        SST-32
-70.3219690  -24.6774476      366246.56  7270122.94     2163.00        662.533    569.216      5.0      2.8        SST-33
-70.3107210  -24.6774476      367384.73  7270133.86     2163.00        662.533   -569.216      5.0      2.8        SST-34
-70.3185946  -24.6754540      366585.89  7270347.01     2163.00        883.377    227.687      5.0      2.8        SST-35
-70.3140954  -24.6754540      367041.16  7270351.37     2163.00        883.377   -227.687      5.0      2.8        SST-36
-70.3242191  -24.6854225      366027.39  7269237.58     2163.00       -220.844    796.903      5.0      2.8        SST-37
-70.3084709  -24.6854225      367620.84  7269252.87     2163.00       -220.844   -796.903      5.0      2.8        SST-38
-70.3219695  -24.6894101      366259.27  7268798.18     2163.00       -662.533    569.216      5.0      2.8        SST-39
-70.3107205  -24.6894101      367397.44  7268809.10     2163.00       -662.533   -569.216      5.0      2.8        SST-40
-70.3185949  -24.6914040      366602.84  7268580.65     2163.00       -883.377    227.687      5.0      2.8        SST-41
-70.3140951  -24.6914040      367058.12  7268585.02     2163.00       -883.377   -227.687      5.0      2.8        SST-42
-70.3256754  -24.6834287      365877.91  7269456.96     2163.00          0.000    944.301      5.0      2.8        SST-43
-70.3070146  -24.6834287      367766.09  7269475.08     2163.00          0.000   -944.301      5.0      2.8        SST-44
-70.3210099  -24.6751601      366341.17  7270377.20     2163.00        915.923    472.151      5.0      2.8        SST-45
-70.3116801  -24.6751601      367285.26  7270386.26     2163.00        915.923   -472.151      5.0      2.8        SST-46
-70.3210105  -24.6916977      366358.74  7268545.78     2163.00       -915.923    472.151      5.0      2.8        SST-47
-70.3116795  -24.6916977      367302.83  7268554.84     2163.00       -915.923   -472.151      5.0      2.8        SST-48
-70.3163450  -24.6734983      366811.45  7270565.77     2163.00       1100.000      0.000      5.0      2.8        SST-49
-70.3163450  -24.6933596      366832.55  7268366.27     2163.00      -1100.000      0.000      5.0      2.8        SST-50
-70.3259409  -24.6791765      365846.49  7269927.60     2163.00        471.012    971.210      5.0      2.8        SST-51
-70.3067491  -24.6791765      367788.47  7269946.23     2163.00        471.012   -971.210      5.0      2.8        SST-52
-70.3247413  -24.6770504      365965.60  7270164.23     2163.00        706.518    849.809      5.0      2.8        SST-53
-70.3079487  -24.6770504      367664.84  7270180.53     2163.00        706.518   -849.809      5.0      2.8        SST-54
-70.3259416  -24.6876809      365855.53  7268985.80     2163.00       -471.012    971.210      5.0      2.8        SST-55
-70.3067484  -24.6876809      367797.51  7269004.43     2163.00       -471.012   -971.210      5.0      2.8        SST-56
-70.3247422  -24.6898071      365979.16  7268751.51     2163.00       -706.518    849.809      5.0      2.8        SST-57
-70.3079478  -24.6898071      367678.40  7268767.82     2163.00       -706.518   -849.809      5.0      2.8        SST-58
-70.3273098  -24.6812692      365710.22  7269694.51     2163.00        239.197   1109.735      5.0      2.8        SST-59
-70.3053802  -24.6812692      367929.19  7269715.80     2163.00        239.197  -1109.735      5.0      2.8        SST-60
-70.3236545  -24.6747911      366073.16  7270415.49     2163.00        956.787    739.823      5.0      2.8        SST-61
-70.3090355  -24.6747911      367552.48  7270429.68     2163.00        956.787   -739.823      5.0      2.8        SST-62
-70.3273102  -24.6855880      365714.81  7269216.23     2163.00       -239.197   1109.735      5.0      2.8        SST-63
-70.3053798  -24.6855880      367933.78  7269237.53     2163.00       -239.197  -1109.735      5.0      2.8        SST-64
-70.3236555  -24.6920666      366091.52  7268502.34     2163.00       -956.787    739.823      5.0      2.8        SST-65
-70.3090345  -24.6920666      367570.84  7268516.54     2163.00       -956.787   -739.823      5.0      2.8        SST-66
-70.3199997  -24.6726318      366440.70  7270658.18     2163.00       1195.984    369.912      5.0      2.8        SST-67
-70.3126903  -24.6726318      367180.36  7270665.27     2163.00       1195.984   -369.912      5.0      2.8        SST-68
-70.3200003  -24.6942261      366463.65  7268266.76     2163.00      -1195.984    369.912      5.0      2.8        SST-69
-70.3126897  -24.6942261      367203.30  7268273.86     2163.00      -1195.984   -369.912      5.0      2.8        SST-70
